android/app/build/intermediates/manifest_merge_blame_file/debug/manifest-merger-blame-debug-report.txt
1<?xml version="1.0" encoding="utf-8"?>
2<manifest xmlns:android="http://schemas.android.com/apk/res/android"
3    package="com.example.utilisateur.uvexposureapp"
4    android:versionCode="1"
5    android:versionName="1.0" >
6
7    <uses-sdk
8        android:minSdkVersion="26"
8-->src\main\AndroidManifest.xml
9        android:targetSdkVersion="28" />
9-->src\main\AndroidManifest.xml
10
11    <uses-permission android:name="android.permission.BLUETOOTH" />
11-->src\main\AndroidManifest.xml:5:5-68
11-->src\main\AndroidManifest.xml:5:22-65
12    <uses-permission android:name="android.permission.BLUETOOTH_ADMIN" />
12-->src\main\AndroidManifest.xml:6:5-74
12-->src\main\AndroidManifest.xml:6:22-71
13    <uses-permission android:name="android.permission.INTERNET" />
13-->src\main\AndroidManifest.xml:7:5-67
13-->src\main\AndroidManifest.xml:7:22-64
14    <uses-permission android:name="android.permission.ACCESS_FINE_LOCATION" />
14-->src\main\AndroidManifest.xml:8:5-79
14-->src\main\AndroidManifest.xml:8:22-76
15    <uses-permission android:name="android.permission.ACCESS_COARSE_LOCATION" />
15-->src\main\AndroidManifest.xml:9:5-80
15-->src\main\AndroidManifest.xml:9:22-78
16
17    <!-- Although the *SdkVersion is captured in gradle build files, this is required for non gradle builds -->
18    <!-- <uses-sdk android:minSdkVersion="14" /> -->
19    <uses-permission android:name="android.permission.ACCESS_NETWORK_STATE" />
19-->[com.google.firebase:firebase-firestore:21.4.1] AndroidManifest.xml:13:5-79
19-->[com.google.firebase:firebase-firestore:21.4.1] AndroidManifest.xml:13:22-76
20
21    <uses-feature
21-->[com.google.android.gms:play-services-maps:17.0.0] AndroidManifest.xml:26:5-28:35
22        android:glEsVersion="0x00020000"
22-->[com.google.android.gms:play-services-maps:17.0.0] AndroidManifest.xml:27:9-41
23        android:required="true" />
23-->[com.google.android.gms:play-services-maps:17.0.0] AndroidManifest.xml:28:9-32
24
25    <application
25-->src\main\AndroidManifest.xml:12:5-60:19
26        android:name="com.example.utilisateur.uvexposureapp.Notifications"
26-->src\main\AndroidManifest.xml:13:9-38
27        android:allowBackup="true"
27-->src\main\AndroidManifest.xml:14:9-35
28        android:appComponentFactory="androidx.core.app.CoreComponentFactory"
28-->[androidx.core:core:1.1.0] AndroidManifest.xml:24:18-86
29        android:debuggable="true"
30        android:extractNativeLibs="false"
31        android:icon="@mipmap/ic_launcher"
31-->src\main\AndroidManifest.xml:15:9-43
32        android:label="@string/app_name"
32-->src\main\AndroidManifest.xml:16:9-41
33        android:roundIcon="@mipmap/ic_launcher_round"
33-->src\main\AndroidManifest.xml:17:9-54
34        android:supportsRtl="true"
34-->src\main\AndroidManifest.xml:18:9-35
35        android:testOnly="true"
36        android:theme="@style/AppTheme" >
36-->src\main\AndroidManifest.xml:19:9-40
37        <meta-data
37-->src\main\AndroidManifest.xml:21:9-22:70
38            android:name="com.google.android.geo.API_KEY"
38-->src\main\AndroidManifest.xml:21:20-65
39            android:value="AIzaSyCIM243Sx8Gp-7dDvkeyiaYAKreWGv87E8" />
39-->src\main\AndroidManifest.xml:22:13-68
40
41        <activity
41-->src\main\AndroidManifest.xml:23:9-26:47
42            android:name="com.example.utilisateur.uvexposureapp.UserActivity"
42-->src\main\AndroidManifest.xml:24:13-41
43            android:enabled="true"
43-->src\main\AndroidManifest.xml:26:13-35
44            android:parentActivityName="com.example.utilisateur.uvexposureapp.MainActivity" />
44-->src\main\AndroidManifest.xml:25:13-55
45        <activity
45-->src\main\AndroidManifest.xml:27:9-31:25
46            android:name="com.example.utilisateur.uvexposureapp.MainActivity"
46-->src\main\AndroidManifest.xml:28:13-41
47            android:parentActivityName="com.example.utilisateur.uvexposureapp.LoginActivity"
47-->src\main\AndroidManifest.xml:29:13-56
48            android:theme="@style/DefaultScreen" />
48-->src\main\AndroidManifest.xml:30:13-49
49        <activity
49-->src\main\AndroidManifest.xml:32:9-34:67
50            android:name="com.example.utilisateur.uvexposureapp.WeatherActivity"
50-->src\main\AndroidManifest.xml:33:13-44
51            android:parentActivityName="com.example.utilisateur.uvexposureapp.MainActivity" />
51-->src\main\AndroidManifest.xml:34:13-55
52        <activity
52-->src\main\AndroidManifest.xml:35:9-37:67
53            android:name="com.example.utilisateur.uvexposureapp.GraphActivity"
53-->src\main\AndroidManifest.xml:36:13-42
54            android:parentActivityName="com.example.utilisateur.uvexposureapp.MainActivity" />
54-->src\main\AndroidManifest.xml:37:13-55
55        <activity
55-->src\main\AndroidManifest.xml:38:9-40:58
56            android:name="com.example.utilisateur.uvexposureapp.BluetoothActivity"
56-->src\main\AndroidManifest.xml:39:13-46
57            android:parentActivityName="com.example.utilisateur.uvexposureapp.UserActivity" />
57-->src\main\AndroidManifest.xml:40:13-55
58        <activity
58-->src\main\AndroidManifest.xml:42:9-44:15
59            android:name="com.example.utilisateur.uvexposureapp.Location"
59-->src\main\AndroidManifest.xml:42:19-43
60            android:parentActivityName="com.example.utilisateur.uvexposureapp.WeatherActivity" />
60-->src\main\AndroidManifest.xml:43:13-58
61        <activity
61-->src\main\AndroidManifest.xml:45:9-48:15
62            android:name="com.example.utilisateur.uvexposureapp.LoginActivity"
62-->src\main\AndroidManifest.xml:45:19-48
63            android:parentActivityName="com.example.utilisateur.uvexposureapp.LoginActivity"
63-->src\main\AndroidManifest.xml:46:13-56
64            android:theme="@style/DefaultScreen" />
64-->src\main\AndroidManifest.xml:47:13-49
65        <activity
65-->src\main\AndroidManifest.xml:49:9-59:20
66            android:name="com.example.utilisateur.uvexposureapp.splashScreen"
66-->src\main\AndroidManifest.xml:49:19-47
67            android:theme="@style/SplashScreen" >
67-->src\main\AndroidManifest.xml:50:13-48
68            <meta-data
68-->src\main\AndroidManifest.xml:51:13-53:49
69                android:name="android.support.PARENT_ACTIVITY"
69-->src\main\AndroidManifest.xml:52:17-63
70                android:value=".splashScreen" />
70-->src\main\AndroidManifest.xml:53:17-46
71
72            <intent-filter>
72-->src\main\AndroidManifest.xml:54:13-58:29
73                <action android:name="android.intent.action.MAIN" />
73-->src\main\AndroidManifest.xml:55:17-69
73-->src\main\AndroidManifest.xml:55:25-66
74
75                <category android:name="android.intent.category.LAUNCHER" />
75-->src\main\AndroidManifest.xml:57:17-77
75-->src\main\AndroidManifest.xml:57:27-74
76            </intent-filter>
77        </activity>
78
79        <service
79-->[com.google.firebase:firebase-firestore:21.4.1] AndroidManifest.xml:17:9-23:19
80            android:name="com.google.firebase.components.ComponentDiscoveryService"
80-->[com.google.firebase:firebase-firestore:21.4.1] AndroidManifest.xml:18:13-84
81            android:directBootAware="true"
81-->[com.google.firebase:firebase-common:19.3.0] AndroidManifest.xml:34:13-43
82            android:exported="false" >
82-->[com.google.firebase:firebase-firestore:21.4.1] AndroidManifest.xml:19:13-37
83            <meta-data
83-->[com.google.firebase:firebase-firestore:21.4.1] AndroidManifest.xml:20:13-22:85
84                android:name="com.google.firebase.components:com.google.firebase.firestore.FirestoreRegistrar"
84-->[com.google.firebase:firebase-firestore:21.4.1] AndroidManifest.xml:21:17-111
85                android:value="com.google.firebase.components.ComponentRegistrar" />
85-->[com.google.firebase:firebase-firestore:21.4.1] AndroidManifest.xml:22:17-82
86        </service> <!-- Needs to be explicitly declared on P+ -->
87        <uses-library
87-->[com.google.android.gms:play-services-maps:17.0.0] AndroidManifest.xml:33:9-35:40
88            android:name="org.apache.http.legacy"
88-->[com.google.android.gms:play-services-maps:17.0.0] AndroidManifest.xml:34:13-50
89            android:required="false" />
89-->[com.google.android.gms:play-services-maps:17.0.0] AndroidManifest.xml:35:13-37
90
91        <provider
91-->[com.google.firebase:firebase-common:19.3.0] AndroidManifest.xml:26:9-30:39
92            android:name="com.google.firebase.provider.FirebaseInitProvider"
92-->[com.google.firebase:firebase-common:19.3.0] AndroidManifest.xml:27:13-77
93            android:authorities="com.example.utilisateur.uvexposureapp.firebaseinitprovider"
93-->[com.google.firebase:firebase-common:19.3.0] AndroidManifest.xml:28:13-72
94            android:exported="false"
94-->[com.google.firebase:firebase-common:19.3.0] AndroidManifest.xml:29:13-37
95            android:initOrder="100" />
95-->[com.google.firebase:firebase-common:19.3.0] AndroidManifest.xml:30:13-36
96
97        <activity
97-->[com.google.android.gms:play-services-base:17.0.0] AndroidManifest.xml:23:9-26:75
98            android:name="com.google.android.gms.common.api.GoogleApiActivity"
98-->[com.google.android.gms:play-services-base:17.0.0] AndroidManifest.xml:24:13-79
99            android:exported="false"
99-->[com.google.android.gms:play-services-base:17.0.0] AndroidManifest.xml:25:13-37
100            android:theme="@android:style/Theme.Translucent.NoTitleBar" />
100-->[com.google.android.gms:play-services-base:17.0.0] AndroidManifest.xml:26:13-72
101
102        <meta-data
102-->[com.google.android.gms:play-services-basement:17.0.0] AndroidManifest.xml:23:9-25:69
103            android:name="com.google.android.gms.version"
103-->[com.google.android.gms:play-services-basement:17.0.0] AndroidManifest.xml:24:13-58
104            android:value="@integer/google_play_services_version" />
104-->[com.google.android.gms:play-services-basement:17.0.0] AndroidManifest.xml:25:13-66
105    </application>
106
107</manifest>